-------------------------------------------------------------------------------
Test set: es.iespuertodelacruz.procesadores.api.GraficaIntegradaTest
-------------------------------------------------------------------------------
Tests run: 2, Failures: 1, Errors: 0, Skipped: 0, Time elapsed: 0.086 s <<< FAILURE! - in es.iespuertodelacruz.procesadores.api.GraficaIntegradaTest
toStringTest  Time elapsed: 0.028 s  <<< FAILURE!
org.opentest4j.AssertionFailedError: El texto recibido no era el esperado ==> expected: <1'Intel UHD Graphics 750'0.35F'1.25F'64'4K> but was: <1'Intel UHD Graphics 750'0.35'1.25'64.0'4K>
	at es.iespuertodelacruz.procesadores.api.GraficaIntegradaTest.toStringTest(GraficaIntegradaTest.java:27)

